This is pdfTeX, Version 3.14159265-2.6-1.40.20 (TeX Live 2019/W32TeX) (preloaded format=pdflatex 2020.2.29)  29 FEB 2020 14:17
entering extended mode
 restricted \write18 enabled.
 %&-line parsing enabled.
**climate_sensitivity_draft.tex
(./climate_sensitivity_draft.tex
LaTeX2e <2020-02-02> patch level 5
L3 programming layer <2020-02-25>
(c:/Users/Albus Severus/AppData/Roaming/TinyTeX/texmf-dist/tex/latex/base/artic
le.cls
Document Class: article 2019/12/20 v1.4l Standard LaTeX document class

(c:/Users/Albus Severus/AppData/Roaming/TinyTeX/texmf-dist/tex/latex/base/size1
0.clo
File: size10.clo 2019/12/20 v1.4l Standard LaTeX file (size option)
)
\c@part=\count167
\c@section=\count168
\c@subsection=\count169
\c@subsubsection=\count170
\c@paragraph=\count171
\c@subparagraph=\count172
\c@figure=\count173
\c@table=\count174
\abovecaptionskip=\skip47
\belowcaptionskip=\skip48
\bibindent=\dimen134
)
(c:/Users/Albus Severus/AppData/Roaming/TinyTeX/texmf-dist/tex/latex/lm/lmodern
.sty
Package: lmodern 2009/10/30 v1.6 Latin Modern Fonts
LaTeX Font Info:    Overwriting symbol font `operators' in version `normal'
(Font)                  OT1/cmr/m/n --> OT1/lmr/m/n on input line 22.
LaTeX Font Info:    Overwriting symbol font `letters' in version `normal'
(Font)                  OML/cmm/m/it --> OML/lmm/m/it on input line 23.
LaTeX Font Info:    Overwriting symbol font `symbols' in version `normal'
(Font)                  OMS/cmsy/m/n --> OMS/lmsy/m/n on input line 24.
LaTeX Font Info:    Overwriting symbol font `largesymbols' in version `normal'
(Font)                  OMX/cmex/m/n --> OMX/lmex/m/n on input line 25.
LaTeX Font Info:    Overwriting symbol font `operators' in version `bold'
(Font)                  OT1/cmr/bx/n --> OT1/lmr/bx/n on input line 26.
LaTeX Font Info:    Overwriting symbol font `letters' in version `bold'
(Font)                  OML/cmm/b/it --> OML/lmm/b/it on input line 27.
LaTeX Font Info:    Overwriting symbol font `symbols' in version `bold'
(Font)                  OMS/cmsy/b/n --> OMS/lmsy/b/n on input line 28.
LaTeX Font Info:    Overwriting symbol font `largesymbols' in version `bold'
(Font)                  OMX/cmex/m/n --> OMX/lmex/m/n on input line 29.
LaTeX Font Info:    Overwriting math alphabet `\mathbf' in version `normal'
(Font)                  OT1/cmr/bx/n --> OT1/lmr/bx/n on input line 31.
LaTeX Font Info:    Overwriting math alphabet `\mathsf' in version `normal'
(Font)                  OT1/cmss/m/n --> OT1/lmss/m/n on input line 32.
LaTeX Font Info:    Overwriting math alphabet `\mathit' in version `normal'
(Font)                  OT1/cmr/m/it --> OT1/lmr/m/it on input line 33.
LaTeX Font Info:    Overwriting math alphabet `\mathtt' in version `normal'
(Font)                  OT1/cmtt/m/n --> OT1/lmtt/m/n on input line 34.
LaTeX Font Info:    Overwriting math alphabet `\mathbf' in version `bold'
(Font)                  OT1/cmr/bx/n --> OT1/lmr/bx/n on input line 35.
LaTeX Font Info:    Overwriting math alphabet `\mathsf' in version `bold'
(Font)                  OT1/cmss/bx/n --> OT1/lmss/bx/n on input line 36.
LaTeX Font Info:    Overwriting math alphabet `\mathit' in version `bold'
(Font)                  OT1/cmr/bx/it --> OT1/lmr/bx/it on input line 37.
LaTeX Font Info:    Overwriting math alphabet `\mathtt' in version `bold'
(Font)                  OT1/cmtt/m/n --> OT1/lmtt/m/n on input line 38.
)
(c:/Users/Albus Severus/AppData/Roaming/TinyTeX/texmf-dist/tex/latex/amsfonts/a
mssymb.sty
Package: amssymb 2013/01/14 v3.01 AMS font symbols

(c:/Users/Albus Severus/AppData/Roaming/TinyTeX/texmf-dist/tex/latex/amsfonts/a
msfonts.sty
Package: amsfonts 2013/01/14 v3.01 Basic AMSFonts support
\@emptytoks=\toks15
\symAMSa=\mathgroup4
\symAMSb=\mathgroup5
LaTeX Font Info:    Redeclaring math symbol \hbar on input line 98.
LaTeX Font Info:    Overwriting math alphabet `\mathfrak' in version `bold'
(Font)                  U/euf/m/n --> U/euf/b/n on input line 106.
))
(c:/Users/Albus Severus/AppData/Roaming/TinyTeX/texmf-dist/tex/latex/amsmath/am
smath.sty
Package: amsmath 2020/01/20 v2.17e AMS math features
\@mathmargin=\skip49
For additional information on amsmath, use the `?' option.

(c:/Users/Albus Severus/AppData/Roaming/TinyTeX/texmf-dist/tex/latex/amsmath/am
stext.sty
Package: amstext 2000/06/29 v2.01 AMS text

(c:/Users/Albus Severus/AppData/Roaming/TinyTeX/texmf-dist/tex/latex/amsmath/am
sgen.sty
File: amsgen.sty 1999/11/30 v2.0 generic functions
\@emptytoks=\toks16
\ex@=\dimen135
))
(c:/Users/Albus Severus/AppData/Roaming/TinyTeX/texmf-dist/tex/latex/amsmath/am
sbsy.sty
Package: amsbsy 1999/11/29 v1.2d Bold Symbols
\pmbraise@=\dimen136
)
(c:/Users/Albus Severus/AppData/Roaming/TinyTeX/texmf-dist/tex/latex/amsmath/am
sopn.sty
Package: amsopn 2016/03/08 v2.02 operator names
)
\inf@bad=\count175
LaTeX Info: Redefining \frac on input line 227.
\uproot@=\count176
\leftroot@=\count177
LaTeX Info: Redefining \overline on input line 389.
\classnum@=\count178
\DOTSCASE@=\count179
LaTeX Info: Redefining \ldots on input line 486.
LaTeX Info: Redefining \dots on input line 489.
LaTeX Info: Redefining \cdots on input line 610.
\Mathstrutbox@=\box45
\strutbox@=\box46
\big@size=\dimen137
LaTeX Font Info:    Redeclaring font encoding OML on input line 733.
LaTeX Font Info:    Redeclaring font encoding OMS on input line 734.
\macc@depth=\count180
\c@MaxMatrixCols=\count181
\dotsspace@=\muskip16
\c@parentequation=\count182
\dspbrk@lvl=\count183
\tag@help=\toks17
\row@=\count184
\column@=\count185
\maxfields@=\count186
\andhelp@=\toks18
\eqnshift@=\dimen138
\alignsep@=\dimen139
\tagshift@=\dimen140
\tagwidth@=\dimen141
\totwidth@=\dimen142
\lineht@=\dimen143
\@envbody=\toks19
\multlinegap=\skip50
\multlinetaggap=\skip51
\mathdisplay@stack=\toks20
LaTeX Info: Redefining \[ on input line 2859.
LaTeX Info: Redefining \] on input line 2860.
)
(c:/Users/Albus Severus/AppData/Roaming/TinyTeX/texmf-dist/tex/generic/iftex/if
xetex.sty
Package: ifxetex 2019/10/25 v0.7 ifxetex legacy package. Use iftex instead.

(c:/Users/Albus Severus/AppData/Roaming/TinyTeX/texmf-dist/tex/generic/iftex/if
tex.sty
Package: iftex 2019/11/07 v1.0c TeX engine tests
))
(c:/Users/Albus Severus/AppData/Roaming/TinyTeX/texmf-dist/tex/generic/iftex/if
luatex.sty
Package: ifluatex 2019/10/25 v1.5 ifluatex legacy package. Use iftex instead.
)
(c:/Users/Albus Severus/AppData/Roaming/TinyTeX/texmf-dist/tex/latex/base/fonte
nc.sty
Package: fontenc 2020/02/11 v2.0o Standard LaTeX package
LaTeX Font Info:    Trying to load font information for T1+lmr on input line 11
2.

(c:/Users/Albus Severus/AppData/Roaming/TinyTeX/texmf-dist/tex/latex/lm/t1lmr.f
d
File: t1lmr.fd 2009/10/30 v1.6 Font defs for Latin Modern
))
(c:/Users/Albus Severus/AppData/Roaming/TinyTeX/texmf-dist/tex/latex/base/input
enc.sty
Package: inputenc 2018/08/11 v1.3c Input encoding file
\inpenc@prehook=\toks21
\inpenc@posthook=\toks22
)
(c:/Users/Albus Severus/AppData/Roaming/TinyTeX/texmf-dist/tex/latex/base/textc
omp.sty
Package: textcomp 2020/02/02 v2.0n Standard LaTeX package
)
(c:/Users/Albus Severus/AppData/Roaming/TinyTeX/texmf-dist/tex/latex/upquote/up
quote.sty
Package: upquote 2012/04/19 v1.3 upright-quote and grave-accent glyphs in verba
tim
)
(c:/Users/Albus Severus/AppData/Roaming/TinyTeX/texmf-dist/tex/latex/xcolor/xco
lor.sty
Package: xcolor 2016/05/11 v2.12 LaTeX color extensions (UK)

(c:/Users/Albus Severus/AppData/Roaming/TinyTeX/texmf-dist/tex/latex/graphics-c
fg/color.cfg
File: color.cfg 2016/01/02 v1.6 sample color configuration
)
Package xcolor Info: Driver file: pdftex.def on input line 225.

(c:/Users/Albus Severus/AppData/Roaming/TinyTeX/texmf-dist/tex/latex/graphics-d
ef/pdftex.def
File: pdftex.def 2018/01/08 v1.0l Graphics/color driver for pdftex
)
Package xcolor Info: Model `cmy' substituted by `cmy0' on input line 1348.
Package xcolor Info: Model `hsb' substituted by `rgb' on input line 1352.
Package xcolor Info: Model `RGB' extended on input line 1364.
Package xcolor Info: Model `HTML' substituted by `rgb' on input line 1366.
Package xcolor Info: Model `Hsb' substituted by `hsb' on input line 1367.
Package xcolor Info: Model `tHsb' substituted by `hsb' on input line 1368.
Package xcolor Info: Model `HSB' substituted by `hsb' on input line 1369.
Package xcolor Info: Model `Gray' substituted by `gray' on input line 1370.
Package xcolor Info: Model `wave' substituted by `hsb' on input line 1371.
)
(c:/Users/Albus Severus/AppData/Roaming/TinyTeX/texmf-dist/tex/latex/hyperref/h
yperref.sty
Package: hyperref 2020/01/14 v7.00d Hypertext links for LaTeX

(c:/Users/Albus Severus/AppData/Roaming/TinyTeX/texmf-dist/tex/generic/ltxcmds/
ltxcmds.sty
Package: ltxcmds 2019/12/15 v1.24 LaTeX kernel commands for general use (HO)
)
(c:/Users/Albus Severus/AppData/Roaming/TinyTeX/texmf-dist/tex/latex/pdftexcmds
/pdftexcmds.sty
Package: pdftexcmds 2019/11/24 v0.31 Utility functions of pdfTeX for LuaTeX (HO
)

(c:/Users/Albus Severus/AppData/Roaming/TinyTeX/texmf-dist/tex/generic/infwarer
r/infwarerr.sty
Package: infwarerr 2019/12/03 v1.5 Providing info/warning/error messages (HO)
)
Package pdftexcmds Info: \pdf@primitive is available.
Package pdftexcmds Info: \pdf@ifprimitive is available.
Package pdftexcmds Info: \pdfdraftmode found.
)
(c:/Users/Albus Severus/AppData/Roaming/TinyTeX/texmf-dist/tex/latex/graphics/k
eyval.sty
Package: keyval 2014/10/28 v1.15 key=value parser (DPC)
\KV@toks@=\toks23
)
(c:/Users/Albus Severus/AppData/Roaming/TinyTeX/texmf-dist/tex/generic/kvsetkey
s/kvsetkeys.sty
Package: kvsetkeys 2019/12/15 v1.18 Key value parser (HO)
)
(c:/Users/Albus Severus/AppData/Roaming/TinyTeX/texmf-dist/tex/generic/kvdefine
keys/kvdefinekeys.sty
Package: kvdefinekeys 2019-12-19 v1.6 Define keys (HO)
)
(c:/Users/Albus Severus/AppData/Roaming/TinyTeX/texmf-dist/tex/generic/pdfescap
e/pdfescape.sty
Package: pdfescape 2019/12/09 v1.15 Implements pdfTeX's escape features (HO)
)
(c:/Users/Albus Severus/AppData/Roaming/TinyTeX/texmf-dist/tex/latex/hycolor/hy
color.sty
Package: hycolor 2020-01-27 v1.10 Color options for hyperref/bookmark (HO)
)
(c:/Users/Albus Severus/AppData/Roaming/TinyTeX/texmf-dist/tex/latex/letltxmacr
o/letltxmacro.sty
Package: letltxmacro 2019/12/03 v1.6 Let assignment for LaTeX macros (HO)
)
(c:/Users/Albus Severus/AppData/Roaming/TinyTeX/texmf-dist/tex/latex/auxhook/au
xhook.sty
Package: auxhook 2019-12-17 v1.6 Hooks for auxiliary files (HO)
)
(c:/Users/Albus Severus/AppData/Roaming/TinyTeX/texmf-dist/tex/latex/kvoptions/
kvoptions.sty
Package: kvoptions 2019/11/29 v3.13 Key value format for package options (HO)
)
\@linkdim=\dimen144
\Hy@linkcounter=\count187
\Hy@pagecounter=\count188

(c:/Users/Albus Severus/AppData/Roaming/TinyTeX/texmf-dist/tex/latex/hyperref/p
d1enc.def
File: pd1enc.def 2020/01/14 v7.00d Hyperref: PDFDocEncoding definition (HO)
Now handling font encoding PD1 ...
... no UTF-8 mapping file for font encoding PD1
)
(c:/Users/Albus Severus/AppData/Roaming/TinyTeX/texmf-dist/tex/generic/intcalc/
intcalc.sty
Package: intcalc 2019/12/15 v1.3 Expandable calculations with integers (HO)
)
(c:/Users/Albus Severus/AppData/Roaming/TinyTeX/texmf-dist/tex/generic/etexcmds
/etexcmds.sty
Package: etexcmds 2019/12/15 v1.7 Avoid name clashes with e-TeX commands (HO)
)
\Hy@SavedSpaceFactor=\count189
\pdfmajorversion=\count190
Package hyperref Info: Option `unicode' set `true' on input line 4421.

(c:/Users/Albus Severus/AppData/Roaming/TinyTeX/texmf-dist/tex/latex/hyperref/p
uenc.def
File: puenc.def 2020/01/14 v7.00d Hyperref: PDF Unicode definition (HO)
Now handling font encoding PU ...
... no UTF-8 mapping file for font encoding PU
)
Package hyperref Info: Hyper figures OFF on input line 4547.
Package hyperref Info: Link nesting OFF on input line 4552.
Package hyperref Info: Hyper index ON on input line 4555.
Package hyperref Info: Plain pages OFF on input line 4562.
Package hyperref Info: Backreferencing OFF on input line 4567.
Package hyperref Info: Implicit mode ON; LaTeX internals redefined.
Package hyperref Info: Bookmarks ON on input line 4800.
\c@Hy@tempcnt=\count191

(c:/Users/Albus Severus/AppData/Roaming/TinyTeX/texmf-dist/tex/latex/url/url.st
y
\Urlmuskip=\muskip17
Package: url 2013/09/16  ver 3.4  Verb mode for urls, etc.
)
LaTeX Info: Redefining \url on input line 5159.
\XeTeXLinkMargin=\dimen145

(c:/Users/Albus Severus/AppData/Roaming/TinyTeX/texmf-dist/tex/generic/bitset/b
itset.sty
Package: bitset 2019/12/09 v1.3 Handle bit-vector datatype (HO)

(c:/Users/Albus Severus/AppData/Roaming/TinyTeX/texmf-dist/tex/generic/bigintca
lc/bigintcalc.sty
Package: bigintcalc 2019/12/15 v1.5 Expandable calculations on big integers (HO
)
))
\Fld@menulength=\count192
\Field@Width=\dimen146
\Fld@charsize=\dimen147
Package hyperref Info: Hyper figures OFF on input line 6430.
Package hyperref Info: Link nesting OFF on input line 6435.
Package hyperref Info: Hyper index ON on input line 6438.
Package hyperref Info: backreferencing OFF on input line 6445.
Package hyperref Info: Link coloring OFF on input line 6450.
Package hyperref Info: Link coloring with OCG OFF on input line 6455.
Package hyperref Info: PDF/A mode OFF on input line 6460.
LaTeX Info: Redefining \ref on input line 6500.
LaTeX Info: Redefining \pageref on input line 6504.

(c:/Users/Albus Severus/AppData/Roaming/TinyTeX/texmf-dist/tex/generic/atbegshi
/atbegshi.sty
Package: atbegshi 2019/12/05 v1.19 At begin shipout hook (HO)
)
\Hy@abspage=\count193
\c@Item=\count194
\c@Hfootnote=\count195
)
Package hyperref Info: Driver (autodetected): hpdftex.

(c:/Users/Albus Severus/AppData/Roaming/TinyTeX/texmf-dist/tex/latex/hyperref/h
pdftex.def
File: hpdftex.def 2020/01/14 v7.00d Hyperref driver for pdfTeX

(c:/Users/Albus Severus/AppData/Roaming/TinyTeX/texmf-dist/tex/latex/atveryend/
atveryend.sty
Package: atveryend 2019-12-11 v1.11 Hooks at the very end of document (HO)
Package atveryend Info: \enddocument detected (standard20110627).
)
\Fld@listcount=\count196
\c@bookmark@seq@number=\count197

(c:/Users/Albus Severus/AppData/Roaming/TinyTeX/texmf-dist/tex/latex/rerunfilec
heck/rerunfilecheck.sty
Package: rerunfilecheck 2019/12/05 v1.9 Rerun checks for auxiliary files (HO)

(c:/Users/Albus Severus/AppData/Roaming/TinyTeX/texmf-dist/tex/generic/uniqueco
unter/uniquecounter.sty
Package: uniquecounter 2019/12/15 v1.4 Provide unlimited unique counter (HO)
)
Package uniquecounter Info: New unique counter `rerunfilecheck' on input line 2
86.
)
\Hy@SectionHShift=\skip52
)
(c:/Users/Albus Severus/AppData/Roaming/TinyTeX/texmf-dist/tex/latex/geometry/g
eometry.sty
Package: geometry 2020/01/02 v5.9 Page Geometry

(c:/Users/Albus Severus/AppData/Roaming/TinyTeX/texmf-dist/tex/generic/iftex/if
vtex.sty
Package: ifvtex 2019/10/25 v1.7 ifvtex legacy package. Use iftex instead.
)
\Gm@cnth=\count198
\Gm@cntv=\count199
\c@Gm@tempcnt=\count266
\Gm@bindingoffset=\dimen148
\Gm@wd@mp=\dimen149
\Gm@odd@mp=\dimen150
\Gm@even@mp=\dimen151
\Gm@layoutwidth=\dimen152
\Gm@layoutheight=\dimen153
\Gm@layouthoffset=\dimen154
\Gm@layoutvoffset=\dimen155
\Gm@dimlist=\toks24
)
(c:/Users/Albus Severus/AppData/Roaming/TinyTeX/texmf-dist/tex/latex/tools/long
table.sty
Package: longtable 2020/01/07 v4.13 Multi-page Table package (DPC)
\LTleft=\skip53
\LTright=\skip54
\LTpre=\skip55
\LTpost=\skip56
\LTchunksize=\count267
\LTcapwidth=\dimen156
\LT@head=\box47
\LT@firsthead=\box48
\LT@foot=\box49
\LT@lastfoot=\box50
\LT@cols=\count268
\LT@rows=\count269
\c@LT@tables=\count270
\c@LT@chunks=\count271
\LT@p@ftn=\toks25
)
(c:/Users/Albus Severus/AppData/Roaming/TinyTeX/texmf-dist/tex/latex/booktabs/b
ooktabs.sty
Package: booktabs 2020/01/12 v1.61803398 Publication quality tables
\heavyrulewidth=\dimen157
\lightrulewidth=\dimen158
\cmidrulewidth=\dimen159
\belowrulesep=\dimen160
\belowbottomsep=\dimen161
\aboverulesep=\dimen162
\abovetopsep=\dimen163
\cmidrulesep=\dimen164
\cmidrulekern=\dimen165
\defaultaddspace=\dimen166
\@cmidla=\count272
\@cmidlb=\count273
\@aboverulesep=\dimen167
\@belowrulesep=\dimen168
\@thisruleclass=\count274
\@lastruleclass=\count275
\@thisrulewidth=\dimen169
)
(c:/Users/Albus Severus/AppData/Roaming/TinyTeX/texmf-dist/tex/latex/etoolbox/e
toolbox.sty
Package: etoolbox 2019/09/21 v2.5h e-TeX tools for LaTeX (JAW)
\etb@tempcnta=\count276
)
(c:/Users/Albus Severus/AppData/Roaming/TinyTeX/texmf-dist/tex/latex/mdwtools/f
ootnote.sty
Package: footnote 1997/01/28 1.13 Save footnotes around boxes
\fn@notes=\box51
\fn@width=\dimen170
)
(c:/Users/Albus Severus/AppData/Roaming/TinyTeX/texmf-dist/tex/latex/graphics/g
raphicx.sty
Package: graphicx 2019/11/30 v1.2a Enhanced LaTeX Graphics (DPC,SPQR)

(c:/Users/Albus Severus/AppData/Roaming/TinyTeX/texmf-dist/tex/latex/graphics/g
raphics.sty
Package: graphics 2019/11/30 v1.4a Standard LaTeX Graphics (DPC,SPQR)

(c:/Users/Albus Severus/AppData/Roaming/TinyTeX/texmf-dist/tex/latex/graphics/t
rig.sty
Package: trig 2016/01/03 v1.10 sin cos tan (DPC)
)
(c:/Users/Albus Severus/AppData/Roaming/TinyTeX/texmf-dist/tex/latex/graphics-c
fg/graphics.cfg
File: graphics.cfg 2016/06/04 v1.11 sample graphics configuration
)
Package graphics Info: Driver file: pdftex.def on input line 105.
)
\Gin@req@height=\dimen171
\Gin@req@width=\dimen172
)
(c:/Users/Albus Severus/AppData/Roaming/TinyTeX/texmf-dist/tex/latex/grffile/gr
ffile.sty
Package: grffile 2019/11/11 v2.1 Extended file name support for graphics (legac
y)
Package grffile Info: This package is an empty stub for compatibility on input 
line 40.
)
(c:/Users/Albus Severus/AppData/Roaming/TinyTeX/texmf-dist/tex/latex/setspace/s
etspace.sty
Package: setspace 2011/12/19 v6.7a set line spacing
)
(c:/Users/Albus Severus/AppData/Roaming/TinyTeX/texmf-dist/tex/latex/float/floa
t.sty
Package: float 2001/11/08 v1.3d Float enhancements (AL)
\c@float@type=\count277
\float@exts=\toks26
\float@box=\box52
\@float@everytoks=\toks27
\@floatcapt=\box53
)
(c:/Users/Albus Severus/AppData/Roaming/TinyTeX/texmf-dist/tex/latex/pdflscape/
pdflscape.sty
Package: pdflscape 2019/12/05 v0.12 Display of landscape pages in PDF (HO)

(c:/Users/Albus Severus/AppData/Roaming/TinyTeX/texmf-dist/tex/latex/graphics/l
scape.sty
Package: lscape 2000/10/22 v3.01 Landscape Pages (DPC)
)
Package pdflscape Info: Auto-detected driver: pdftex on input line 81.
)
(c:/Users/Albus Severus/AppData/Roaming/TinyTeX/texmf-dist/tex/latex/caption/ca
ption.sty
Package: caption 2020/01/03 v3.4h Customizing captions (AR)

(c:/Users/Albus Severus/AppData/Roaming/TinyTeX/texmf-dist/tex/latex/caption/ca
ption3.sty
Package: caption3 2020/01/03 v1.8h caption3 kernel (AR)
Package caption3 Info: TeX engine: e-TeX on input line 61.
\captionmargin=\dimen173
\captionmargin@=\dimen174
\captionwidth=\dimen175
\caption@tempdima=\dimen176
\caption@indent=\dimen177
\caption@parindent=\dimen178
\caption@hangindent=\dimen179
Package caption Info: Standard document class detected.
)
\c@caption@flags=\count278
\c@continuedfloat=\count279
Package caption Info: float package is loaded.
Package caption Info: hyperref package is loaded.
Package caption Info: longtable package is loaded.

(c:/Users/Albus Severus/AppData/Roaming/TinyTeX/texmf-dist/tex/latex/caption/lt
caption.sty
Package: ltcaption 2018/08/26 v1.4a longtable captions (AR)
))
(c:/Users/Albus Severus/AppData/Roaming/TinyTeX/texmf-dist/tex/latex/tools/dcol
umn.sty
Package: dcolumn 2014/10/28 v1.06 decimal alignment package (DPC)

(c:/Users/Albus Severus/AppData/Roaming/TinyTeX/texmf-dist/tex/latex/tools/arra
y.sty
Package: array 2019/08/31 v2.4l Tabular extension package (FMi)
\col@sep=\dimen180
\ar@mcellbox=\box54
\extrarowheight=\dimen181
\NC@list=\toks28
\extratabsurround=\skip57
\backup@length=\skip58
\ar@cellbox=\box55
))
(c:/Users/Albus Severus/AppData/Roaming/TinyTeX/texmf-dist/tex/latex/natbib/nat
bib.sty
Package: natbib 2010/09/13 8.31b (PWD, AO)
\bibhang=\skip59
\bibsep=\skip60
LaTeX Info: Redefining \cite on input line 694.
\c@NAT@ctr=\count280
)
(c:/Users/Albus Severus/AppData/Roaming/TinyTeX/texmf-dist/tex/latex/l3backend/
l3backend-pdfmode.def
File: l3backend-pdfmode.def 2020-02-23 L3 backend support: PDF mode
\l__kernel_color_stack_int=\count281
\l__pdf_internal_box=\box56
) (./climate_sensitivity_draft.aux)
\openout1 = `climate_sensitivity_draft.aux'.

LaTeX Font Info:    Checking defaults for OML/cmm/m/it on input line 87.
LaTeX Font Info:    ... okay on input line 87.
LaTeX Font Info:    Checking defaults for OMS/cmsy/m/n on input line 87.
LaTeX Font Info:    ... okay on input line 87.
LaTeX Font Info:    Checking defaults for OT1/cmr/m/n on input line 87.
LaTeX Font Info:    ... okay on input line 87.
LaTeX Font Info:    Checking defaults for T1/cmr/m/n on input line 87.
LaTeX Font Info:    ... okay on input line 87.
LaTeX Font Info:    Checking defaults for TS1/cmr/m/n on input line 87.
LaTeX Font Info:    ... okay on input line 87.
LaTeX Font Info:    Checking defaults for OMX/cmex/m/n on input line 87.
LaTeX Font Info:    ... okay on input line 87.
LaTeX Font Info:    Checking defaults for U/cmr/m/n on input line 87.
LaTeX Font Info:    ... okay on input line 87.
LaTeX Font Info:    Checking defaults for PD1/pdf/m/n on input line 87.
LaTeX Font Info:    ... okay on input line 87.
LaTeX Font Info:    Checking defaults for PU/pdf/m/n on input line 87.
LaTeX Font Info:    ... okay on input line 87.

(c:/Users/Albus Severus/AppData/Roaming/TinyTeX/texmf-dist/tex/latex/epstopdf-p
kg/epstopdf-base.sty
Package: epstopdf-base 2020-01-24 v2.11 Base part for package epstopdf
Package epstopdf-base Info: Redefining graphics rule for `.eps' on input line 4
85.

(c:/Users/Albus Severus/AppData/Roaming/TinyTeX/texmf-dist/tex/latex/latexconfi
g/epstopdf-sys.cfg
File: epstopdf-sys.cfg 2010/07/13 v1.3 Configuration of (r)epstopdf for TeX Liv
e
))
\AtBeginShipoutBox=\box57
Package hyperref Info: Link coloring OFF on input line 87.

(c:/Users/Albus Severus/AppData/Roaming/TinyTeX/texmf-dist/tex/latex/hyperref/n
ameref.sty
Package: nameref 2019/09/16 v2.46 Cross-referencing by name of section

(c:/Users/Albus Severus/AppData/Roaming/TinyTeX/texmf-dist/tex/latex/refcount/r
efcount.sty
Package: refcount 2019/12/15 v3.6 Data extraction from label references (HO)
)
(c:/Users/Albus Severus/AppData/Roaming/TinyTeX/texmf-dist/tex/generic/gettitle
string/gettitlestring.sty
Package: gettitlestring 2019/12/15 v1.6 Cleanup title references (HO)
)
\c@section@level=\count282
)
LaTeX Info: Redefining \ref on input line 87.
LaTeX Info: Redefining \pageref on input line 87.
LaTeX Info: Redefining \nameref on input line 87.
(./climate_sensitivity_draft.out) (./climate_sensitivity_draft.out)
\@outlinefile=\write3
\openout3 = `climate_sensitivity_draft.out'.

*geometry* driver: auto-detecting
*geometry* detected driver: pdftex
*geometry* verbose mode - [ preamble ] result:
* driver: pdftex
* paper: <default>
* layout: <same size as paper>
* layoutoffset:(h,v)=(0.0pt,0.0pt)
* modes: 
* h-part:(L,W,R)=(72.26999pt, 469.75502pt, 72.26999pt)
* v-part:(T,H,B)=(72.26999pt, 650.43001pt, 72.26999pt)
* \paperwidth=614.295pt
* \paperheight=794.96999pt
* \textwidth=469.75502pt
* \textheight=650.43001pt
* \oddsidemargin=0.0pt
* \evensidemargin=0.0pt
* \topmargin=-37.0pt
* \headheight=12.0pt
* \headsep=25.0pt
* \topskip=10.0pt
* \footskip=30.0pt
* \marginparwidth=65.0pt
* \marginparsep=11.0pt
* \columnsep=10.0pt
* \skip\footins=9.0pt plus 4.0pt minus 2.0pt
* \hoffset=0.0pt
* \voffset=0.0pt
* \mag=1000
* \@twocolumnfalse
* \@twosidefalse
* \@mparswitchfalse
* \@reversemarginfalse
* (1in=72.27pt=25.4mm, 1cm=28.453pt)

Package caption Info: Begin \AtBeginDocument code.
Package caption Info: End \AtBeginDocument code.
LaTeX Font Info:    Trying to load font information for OT1+lmr on input line 9
4.

(c:/Users/Albus Severus/AppData/Roaming/TinyTeX/texmf-dist/tex/latex/lm/ot1lmr.
fd
File: ot1lmr.fd 2009/10/30 v1.6 Font defs for Latin Modern
)
LaTeX Font Info:    Trying to load font information for OML+lmm on input line 9
4.

(c:/Users/Albus Severus/AppData/Roaming/TinyTeX/texmf-dist/tex/latex/lm/omllmm.
fd
File: omllmm.fd 2009/10/30 v1.6 Font defs for Latin Modern
)
LaTeX Font Info:    Trying to load font information for OMS+lmsy on input line 
94.

(c:/Users/Albus Severus/AppData/Roaming/TinyTeX/texmf-dist/tex/latex/lm/omslmsy
.fd
File: omslmsy.fd 2009/10/30 v1.6 Font defs for Latin Modern
)
LaTeX Font Info:    Trying to load font information for OMX+lmex on input line 
94.

(c:/Users/Albus Severus/AppData/Roaming/TinyTeX/texmf-dist/tex/latex/lm/omxlmex
.fd
File: omxlmex.fd 2009/10/30 v1.6 Font defs for Latin Modern
)
LaTeX Font Info:    External font `lmex10' loaded for size
(Font)              <10> on input line 94.
LaTeX Font Info:    External font `lmex10' loaded for size
(Font)              <7> on input line 94.
LaTeX Font Info:    External font `lmex10' loaded for size
(Font)              <5> on input line 94.
LaTeX Font Info:    Trying to load font information for U+msa on input line 94.


(c:/Users/Albus Severus/AppData/Roaming/TinyTeX/texmf-dist/tex/latex/amsfonts/u
msa.fd
File: umsa.fd 2013/01/14 v3.01 AMS symbols A
)
LaTeX Font Info:    Trying to load font information for U+msb on input line 94.


(c:/Users/Albus Severus/AppData/Roaming/TinyTeX/texmf-dist/tex/latex/amsfonts/u
msb.fd
File: umsb.fd 2013/01/14 v3.01 AMS symbols B
) [1

{c:/Users/Albus Severus/AppData/Roaming/TinyTeX/texmf-var/fonts/map/pdftex/updm
ap/pdftex.map}]
LaTeX Font Info:    Trying to load font information for TS1+lmr on input line 2
30.

(c:/Users/Albus Severus/AppData/Roaming/TinyTeX/texmf-dist/tex/latex/lm/ts1lmr.
fd
File: ts1lmr.fd 2009/10/30 v1.6 Font defs for Latin Modern
) [2] [3] [4] [5]

Package natbib Warning: Citation `R-LeafArea' on page 6 undefined on input line
 549.

[6]

Package natbib Warning: Citation `noauthor_national_2018' on page 7 undefined o
n input line 570.

[7] [8] [9] [10] [11] (./climate_sensitivity_draft.bbl [12] [13] [14] [15] [16]
[17])

Package caption Warning: Unused \captionsetup[table] on input line 76.
See the caption package documentation for explanation.


Package caption Warning: Unused \captionsetup[figure] on input line 77.
See the caption package documentation for explanation.


Package natbib Warning: There were undefined citations.

Package atveryend Info: Empty hook `BeforeClearDocument' on input line 960.
[18]
Package atveryend Info: Empty hook `AfterLastShipout' on input line 960.
(./climate_sensitivity_draft.aux)
Package atveryend Info: Executing hook `AtVeryEndDocument' on input line 960.
Package atveryend Info: Executing hook `AtEndAfterFileList' on input line 960.
Package rerunfilecheck Info: File `climate_sensitivity_draft.out' has not chang
ed.
(rerunfilecheck)             Checksum: 87B9F8F004D6B0B66EE8C5AD0F44C7A1;777.
Package atveryend Info: Empty hook `AtVeryVeryEnd' on input line 960.
 ) 
Here is how much of TeX's memory you used:
 12854 strings out of 482938
 194315 string characters out of 5958172
 438361 words of memory out of 5000000
 27781 multiletter control sequences out of 15000+600000
 564195 words of font info for 47 fonts, out of 8000000 for 9000
 14 hyphenation exceptions out of 8191
 41i,6n,42p,919b,544s stack positions out of 5000i,500n,10000p,200000b,80000s
{c:/Users/Albus Severus/AppData/Roaming/TinyTeX/texmf-dist/fonts/enc/dvips/lm
/lm-ec.enc}{c:/Users/Albus Severus/AppData/Roaming/TinyTeX/texmf-dist/fonts/enc
/dvips/lm/lm-mathex.enc}{c:/Users/Albus Severus/AppData/Roaming/TinyTeX/texmf-d
ist/fonts/enc/dvips/lm/lm-rm.enc}{c:/Users/Albus Severus/AppData/Roaming/TinyTe
X/texmf-dist/fonts/enc/dvips/lm/lm-mathsy.enc}{c:/Users/Albus Severus/AppData/R
oaming/TinyTeX/texmf-dist/fonts/enc/dvips/lm/lm-mathit.enc}{c:/Users/Albus Seve
rus/AppData/Roaming/TinyTeX/texmf-dist/fonts/enc/dvips/lm/lm-ts1.enc}<c:/Users/
Albus Severus/AppData/Roaming/TinyTeX/texmf-dist/fonts/type1/public/lm/lmbx10.p
fb><c:/Users/Albus Severus/AppData/Roaming/TinyTeX/texmf-dist/fonts/type1/publi
c/lm/lmbx12.pfb><c:/Users/Albus Severus/AppData/Roaming/TinyTeX/texmf-dist/font
s/type1/public/lm/lmex10.pfb><c:/Users/Albus Severus/AppData/Roaming/TinyTeX/te
xmf-dist/fonts/type1/public/lm/lmmi10.pfb><c:/Users/Albus Severus/AppData/Roami
ng/TinyTeX/texmf-dist/fonts/type1/public/lm/lmmi7.pfb><c:/Users/Albus Severus/A
ppData/Roaming/TinyTeX/texmf-dist/fonts/type1/public/lm/lmr10.pfb><c:/Users/Alb
us Severus/AppData/Roaming/TinyTeX/texmf-dist/fonts/type1/public/lm/lmr7.pfb><c
:/Users/Albus Severus/AppData/Roaming/TinyTeX/texmf-dist/fonts/type1/public/lm/
lmri10.pfb><c:/Users/Albus Severus/AppData/Roaming/TinyTeX/texmf-dist/fonts/typ
e1/public/lm/lmsy10.pfb><c:/Users/Albus Severus/AppData/Roaming/TinyTeX/texmf-d
ist/fonts/type1/public/lm/lmsy7.pfb>
Output written on climate_sensitivity_draft.pdf (18 pages, 231476 bytes).
PDF statistics:
 563 PDF objects out of 1000 (max. 8388607)
 527 compressed objects within 6 object streams
 115 named destinations out of 1000 (max. 500000)
 57 words of extra memory for PDF output out of 10000 (max. 10000000)

